Building DAG of jobs...
Using shell: /usr/bin/bash
Provided cores: 4
Rules claiming more threads will be scaled down.
Job stats:
job                   count
------------------  -------
data_preprocessing        1
total                     1

Select jobs to execute...

[Sun Jul 14 22:25:24 2024]
rule data_preprocessing:
    input: results/clean_data.xlsx
    output: results/processed_data.xlsx
    jobid: 0
    reason: Missing output files: results/processed_data.xlsx
    resources: tmpdir=/tmp

[Sun Jul 14 22:25:24 2024]
Error in rule data_preprocessing:
    jobid: 0
    input: results/clean_data.xlsx
    output: results/processed_data.xlsx

RuleException:
NameError in file /home/murtaza/research-software-engineering-project-2/Snakefile, line 33:
The name 'input' is unknown in this context. Please make sure that you defined that variable. Also note that braces not used for variable access have to be escaped by repeating them, i.e. {{print $1}}
  File "/home/murtaza/research-software-engineering-project-2/Snakefile", line 33, in __rule_data_preprocessing
  File "/usr/lib/python3.10/concurrent/futures/thread.py", line 58, in run
Shutting down, this might take some time.
Exiting because a job execution failed. Look above for error message
Complete log: .snakemake/log/2024-07-14T222524.153935.snakemake.log
